<?xml version="1.0" encoding="UTF-8"?>
<!-- Generated by org.testng.reporters.JUnitXMLReporter -->
<testsuite hostname="DESKTOP-LOF7LS6" ignored="0" name="Default test" tests="6" failures="1" timestamp="21 dic 2022 15:13:17 GMT" time="79.834" errors="0">
  <testcase name="TC01_login_Attorney_Validation" time="2.714" classname="tests.Login"/>
  <testcase name="TC02_validation_Empty_Email" time="0.17" classname="tests.Login"/>
  <testcase name="TC03_validation_Empty_Password" time="0.197" classname="tests.Login"/>
  <testcase name="TC03_validation_Wrong_Email" time="0.765" classname="tests.Login"/>
  <testcase name="TC03_validation_Wrong_Password" time="0.716" classname="tests.Login"/>
  <testcase name="TC06_logout_Validation" time="7.946" classname="tests.Login">
    <failure type="org.openqa.selenium.ElementClickInterceptedException" message="element click intercepted: Element &amp;lt;span _ngcontent-aft-c12=&amp;quot;&amp;quot; class=&amp;quot;ap-icon ap-arrow-down&amp;quot; style=&amp;quot;margin-right: 0px;&amp;quot; ng-reflect-klass=&amp;quot;ap-icon&amp;quot; ng-reflect-ng-class=&amp;quot;[object Object]&amp;quot;&amp;gt;&amp;lt;/span&amp;gt; is not clickable at point (1880, 40). Other element would receive the click: &amp;lt;div class=&amp;quot;dx-overlay-wrapper dx-popup-wrapper dx-overlay-modal dx-overlay-shader&amp;quot; data-bind=&amp;quot;dxControlsDescendantBindings: true&amp;quot; style=&amp;quot;z-index: 1501; position: fixed; width: 1903px; height: 924px; left: 0px; top: 0px; transform: translate(0px, 0px); transition: all 0s ease 0s; overflow: visible;&amp;quot;&amp;gt;...&amp;lt;/div&amp;gt;
  (Session info: chrome=108.0.5359.125)
Build info: version: &amp;apos;4.0.0-beta-1&amp;apos;, revision: &amp;apos;9c03156c2b&amp;apos;
System info: host: &amp;apos;DESKTOP-LOF7LS6&amp;apos;, ip: &amp;apos;192.168.100.100&amp;apos;, os.name: &amp;apos;Windows 10&amp;apos;, os.arch: &amp;apos;amd64&amp;apos;, os.version: &amp;apos;10.0&amp;apos;, java.version: &amp;apos;1.8.0_111&amp;apos;
Driver info: org.openqa.selenium.chrome.ChromeDriver
Command: [9e766b2db361d277adee82dce3717100, clickElement {id=68166950-84b4-47e4-9175-8212817d97a7}]
Capabilities {acceptInsecureCerts: false, browserName: chrome, browserVersion: 108.0.5359.125, chrome: {chromedriverVersion: 108.0.5359.71 (1e0e3868ee06..., userDataDir: C:\Users\checo\AppData\Loca...}, goog:chromeOptions: {debuggerAddress: localhost:62982}, javascriptEnabled: true, networkConnectionEnabled: false, pageLoadStrategy: normal, platform: WINDOWS, platformName: WINDOWS, proxy: Proxy(), setWindowRect: true, strictFileInteractability: false, timeouts: {implicit: 0, pageLoad: 300000, script: 30000}, unhandledPromptBehavior: dismiss and notify, webauthn:extension:credBlob: true, webauthn:extension:largeBlob: true, webauthn:virtualAuthenticators: true}
Element: [[ChromeDriver: chrome on WINDOWS (9e766b2db361d277adee82dce3717100)] -&amp;gt; xpath: //span[@class=&amp;apos;ap-icon ap-arrow-down&amp;apos;]]
Session ID: 9e766b2db361d277adee82dce3717100">
      <![CDATA[org.openqa.selenium.ElementClickInterceptedException: element click intercepted: Element <span _ngcontent-aft-c12="" class="ap-icon ap-arrow-down" style="margin-right: 0px;" ng-reflect-klass="ap-icon" ng-reflect-ng-class="[object Object]"></span> is not clickable at point (1880, 40). Other element would receive the click: <div class="dx-overlay-wrapper dx-popup-wrapper dx-overlay-modal dx-overlay-shader" data-bind="dxControlsDescendantBindings: true" style="z-index: 1501; position: fixed; width: 1903px; height: 924px; left: 0px; top: 0px; transform: translate(0px, 0px); transition: all 0s ease 0s; overflow: visible;">...</div>
  (Session info: chrome=108.0.5359.125)
Build info: version: '4.0.0-beta-1', revision: '9c03156c2b'
System info: host: 'DESKTOP-LOF7LS6', ip: '192.168.100.100', os.name: 'Windows 10', os.arch: 'amd64', os.version: '10.0', java.version: '1.8.0_111'
Driver info: org.openqa.selenium.chrome.ChromeDriver
Command: [9e766b2db361d277adee82dce3717100, clickElement {id=68166950-84b4-47e4-9175-8212817d97a7}]
Capabilities {acceptInsecureCerts: false, browserName: chrome, browserVersion: 108.0.5359.125, chrome: {chromedriverVersion: 108.0.5359.71 (1e0e3868ee06..., userDataDir: C:\Users\checo\AppData\Loca...}, goog:chromeOptions: {debuggerAddress: localhost:62982}, javascriptEnabled: true, networkConnectionEnabled: false, pageLoadStrategy: normal, platform: WINDOWS, platformName: WINDOWS, proxy: Proxy(), setWindowRect: true, strictFileInteractability: false, timeouts: {implicit: 0, pageLoad: 300000, script: 30000}, unhandledPromptBehavior: dismiss and notify, webauthn:extension:credBlob: true, webauthn:extension:largeBlob: true, webauthn:virtualAuthenticators: true}
Element: [[ChromeDriver: chrome on WINDOWS (9e766b2db361d277adee82dce3717100)] -> xpath: //span[@class='ap-icon ap-arrow-down']]
Session ID: 9e766b2db361d277adee82dce3717100
at sun.reflect.NativeConstructorAccessorImpl.newInstance0(Native Method)
at sun.reflect.NativeConstructorAccessorImpl.newInstance(Unknown Source)
at sun.reflect.DelegatingConstructorAccessorImpl.newInstance(Unknown Source)
at java.lang.reflect.Constructor.newInstance(Unknown Source)
at org.openqa.selenium.remote.codec.w3c.W3CHttpResponseCodec.createException(W3CHttpResponseCodec.java:195)
at org.openqa.selenium.remote.codec.w3c.W3CHttpResponseCodec.decode(W3CHttpResponseCodec.java:128)
at org.openqa.selenium.remote.codec.w3c.W3CHttpResponseCodec.decode(W3CHttpResponseCodec.java:52)
at org.openqa.selenium.remote.HttpCommandExecutor.execute(HttpCommandExecutor.java:181)
at org.openqa.selenium.remote.service.DriverCommandExecutor.invokeExecute(DriverCommandExecutor.java:153)
at org.openqa.selenium.remote.service.DriverCommandExecutor.execute(DriverCommandExecutor.java:128)
at org.openqa.selenium.remote.RemoteWebDriver.execute(RemoteWebDriver.java:620)
at org.openqa.selenium.remote.RemoteWebElement.execute(RemoteWebElement.java:239)
at org.openqa.selenium.remote.RemoteWebElement.click(RemoteWebElement.java:77)
at page_objects.HeaderPage.logoutMethod(HeaderPage.java:91)
at tests.Login.TC06_logout_Validation(Login.java:76)
at sun.reflect.NativeMethodAccessorImpl.invoke0(Native Method)
at sun.reflect.NativeMethodAccessorImpl.invoke(Unknown Source)
at sun.reflect.DelegatingMethodAccessorImpl.invoke(Unknown Source)
at java.lang.reflect.Method.invoke(Unknown Source)
at org.testng.internal.MethodInvocationHelper.invokeMethod(MethodInvocationHelper.java:124)
at org.testng.internal.Invoker.invokeMethod(Invoker.java:583)
at org.testng.internal.Invoker.invokeTestMethod(Invoker.java:719)
at org.testng.internal.Invoker.invokeTestMethods(Invoker.java:989)
at org.testng.internal.TestMethodWorker.invokeTestMethods(TestMethodWorker.java:125)
at org.testng.internal.TestMethodWorker.run(TestMethodWorker.java:109)
at org.testng.TestRunner.privateRun(TestRunner.java:648)
at org.testng.TestRunner.run(TestRunner.java:505)
at org.testng.SuiteRunner.runTest(SuiteRunner.java:455)
at org.testng.SuiteRunner.runSequentially(SuiteRunner.java:450)
at org.testng.SuiteRunner.privateRun(SuiteRunner.java:415)
at org.testng.SuiteRunner.run(SuiteRunner.java:364)
at org.testng.SuiteRunnerWorker.runSuite(SuiteRunnerWorker.java:52)
at org.testng.SuiteRunnerWorker.run(SuiteRunnerWorker.java:84)
at org.testng.TestNG.runSuitesSequentially(TestNG.java:1208)
at org.testng.TestNG.runSuitesLocally(TestNG.java:1137)
at org.testng.TestNG.runSuites(TestNG.java:1049)
at org.testng.TestNG.run(TestNG.java:1017)
at org.testng.remote.AbstractRemoteTestNG.run(AbstractRemoteTestNG.java:132)
at org.testng.remote.RemoteTestNG.initAndRun(RemoteTestNG.java:230)
at org.testng.remote.RemoteTestNG.main(RemoteTestNG.java:76)
]]>
    </failure>
  </testcase> <!-- TC06_logout_Validation -->
</testsuite> <!-- Default test -->
